Arguments: 
  /usr/bin/node /usr/local/bin/yarn

PATH: 
  /home/anita/.local/bin:/home/anita/bin:/home/anita/.local/bin:/usr/local/sbin:/usr/local/bin:/usr/sbin:/usr/bin:/sbin:/bin:/usr/games:/usr/local/games:/snap/bin

Yarn version: 
  1.16.0

Node version: 
  10.16.0

Platform: 
  linux x64

Trace: 
  Error: https://registry.yarnpkg.com/antd: ESOCKETTIMEDOUT
      at ClientRequest.<anonymous> (/usr/local/lib/node_modules/yarn/lib/cli.js:130217:19)
      at Object.onceWrapper (events.js:286:20)
      at ClientRequest.emit (events.js:198:13)
      at TLSSocket.emitRequestTimeout (_http_client.js:662:40)
      at Object.onceWrapper (events.js:286:20)
      at TLSSocket.emit (events.js:198:13)
      at TLSSocket.Socket._onTimeout (net.js:442:8)
      at ontimeout (timers.js:436:11)
      at tryOnTimeout (timers.js:300:5)
      at listOnTimeout (timers.js:263:5)

npm manifest: 
  {
    "name": "digi-frontend",
    "version": "0.1.0",
    "private": true,
    "dependencies": {
      "@emotion/core": "^10.0.10",
      "@emotion/styled": "^10.0.12",
      "antd": "^3.19.5",
      "axios": "^0.19.0",
      "emotion": "^10.0.9",
      "formik": "^1.5.7",
      "history": "^4.9.0",
      "nprogress": "^0.2.0",
      "prop-types": "^15.7.2",
      "react": "^16.8.6",
      "react-dom": "^16.8.6",
      "react-icons": "^3.7.0",
      "react-redux": "^7.1.0",
      "react-router-dom": "^5.0.1",
      "react-scripts": "3.0.1",
      "redux": "^4.0.1",
      "redux-persist": "^5.10.0",
      "redux-saga": "^1.0.3",
      "reduxsauce": "^1.1.0",
      "seamless-immutable": "^7.1.4"
    },
    "scripts": {
      "start": "react-scripts start",
      "build": "react-scripts build",
      "deploy": "react-scripts build && aws s3 sync build/ s3://digii-front",
      "test": "react-scripts test",
      "eject": "react-scripts eject"
    },
    "eslintConfig": {
      "extends": "react-app"
    },
    "browserslist": {
      "production": [
        ">0.2%",
        "not dead",
        "not op_mini all"
      ],
      "development": [
        "last 1 chrome version",
        "last 1 firefox version",
        "last 1 safari version"
      ]
    },
    "devDependencies": {
      "eslint": "^5.16.0",
      "eslint-config-airbnb": "^17.1.0",
      "eslint-plugin-compat": "^3.2.0",
      "eslint-plugin-promise": "^4.2.1"
    }
  }

yarn manifest: 
  No manifest

Lockfile: 
  No lockfile
